Build started 3/1/2018 11:17:10 AM.
     1>Project "C:\Users\Gogol\Documents\Visual Studio 2015\Projects\FTDI_Stream_Recv\FTDI_Stream_Recv\FTDI_Stream_Recv.vcxproj" on node 2 (Build target(s)).
     1>ClCompile:
         C:\Program Files (x86)\Microsoft Visual Studio 14.0\VC\bin\x86_amd64\CL.exe /c /IC:\opencv\build\include /Zi /nologo /W3 /WX- /sdl /O2 /Oi /GL /D NDEBUG /D _CONSOLE /D _UNICODE /D UNICODE /Gm- /EHsc /MD /GS /Gy /Zc:wchar_t /Zc:forScope /Zc:inline /Yu"stdafx.h" /Fp"x64\Release\FTDI_Stream_Recv.pch" /Fo"x64\Release\\" /Fd"x64\Release\vc140.pdb" /Gd /TP /errorReport:prompt FTDI_Stream_Recv.cpp
         FTDI_Stream_Recv.cpp
     1>FTDI_Stream_Recv.cpp(67): warning C4309: '=': truncation of constant value
     1>FTDI_Stream_Recv.cpp(116): warning C4244: 'initializing': conversion from 'LONGLONG' to 'float', possible loss of data
     1>FTDI_Stream_Recv.cpp(118): warning C4244: 'initializing': conversion from 'double' to 'float', possible loss of data
     1>FTDI_Stream_Recv.cpp(121): warning C4244: 'initializing': conversion from 'double' to 'float', possible loss of data
     1>FTDI_Stream_Recv.cpp(122): warning C4244: 'initializing': conversion from 'double' to 'float', possible loss of data
       Link:
         C:\Program Files (x86)\Microsoft Visual Studio 14.0\VC\bin\x86_amd64\link.exe /ERRORREPORT:PROMPT /OUT:"C:\Users\Gogol\Documents\Visual Studio 2015\Projects\FTDI_Stream_Recv\x64\Release\FTDI_Stream_Recv.exe" /INCREMENTAL:NO /NOLOGO /LIBPATH:C:\opencv\build\x64\vc14\lib opencv_world340.lib ftd2xx.lib kernel32.lib user32.lib gdi32.lib winspool.lib comdlg32.lib advapi32.lib shell32.lib ole32.lib oleaut32.lib uuid.lib odbc32.lib odbccp32.lib kernel32.lib user32.lib gdi32.lib winspool.lib comdlg32.lib advapi32.lib shell32.lib ole32.lib oleaut32.lib uuid.lib odbc32.lib odbccp32.lib /MANIFEST /MANIFESTUAC:"level='asInvoker' uiAccess='false'" /manifest:embed /Debug /PDB:"C:\Users\Gogol\Documents\Visual Studio 2015\Projects\FTDI_Stream_Recv\x64\Release\FTDI_Stream_Recv.pdb" /SUBSYSTEM:CONSOLE /OPT:REF /OPT:ICF /LTCG:incremental /TLBID:1 /DYNAMICBASE /NXCOMPAT /IMPLIB:"C:\Users\Gogol\Documents\Visual Studio 2015\Projects\FTDI_Stream_Recv\x64\Release\FTDI_Stream_Recv.lib" /MACHINE:X64 x64\Release\FTDI_Stream_Recv.obj
         x64\Release\stdafx.obj
         Generating code
         1 of 19 functions ( 5.3%) were compiled, the rest were copied from previous compilation.
           0 functions were new in current compilation
           0 functions had inline decision re-evaluated but remain unchanged
         Finished generating code
         FTDI_Stream_Recv.vcxproj -> C:\Users\Gogol\Documents\Visual Studio 2015\Projects\FTDI_Stream_Recv\x64\Release\FTDI_Stream_Recv.exe
     1>Done Building Project "C:\Users\Gogol\Documents\Visual Studio 2015\Projects\FTDI_Stream_Recv\FTDI_Stream_Recv\FTDI_Stream_Recv.vcxproj" (Build target(s)).

Build succeeded.

Time Elapsed 00:00:01.53
